[debug] [2021-12-28T08:21:32.906Z] ----------------------------------------------------------------------
[debug] [2021-12-28T08:21:32.909Z] Command:       C:\Program Files\nodejs\node.exe C:\Users\PRITHVI\AppData\Roaming\npm\node_modules\firebase-tools\lib\bin\firebase.js init
[debug] [2021-12-28T08:21:32.909Z] CLI Version:   10.0.1
[debug] [2021-12-28T08:21:32.909Z] Platform:      win32
[debug] [2021-12-28T08:21:32.909Z] Node Version:  v14.15.4
[debug] [2021-12-28T08:21:32.910Z] Time:          Tue Dec 28 2021 13:51:32 GMT+0530 (India Standard Time)
[debug] [2021-12-28T08:21:32.911Z] ----------------------------------------------------------------------
[debug] 
[debug] [2021-12-28T08:21:32.918Z] > command requires scopes: ["email","openid","https://www.googleapis.com/auth/cloudplatformprojects.readonly","https://www.googleapis.com/auth/firebase","https://www.googleapis.com/auth/cloud-platform"]
[debug] [2021-12-28T08:21:32.919Z] > authorizing via signed-in user (chprithvi1999@gmail.com)
[info] 
     ######## #### ########  ######## ########     ###     ######  ########
     ##        ##  ##     ## ##       ##     ##  ##   ##  ##       ##
     ######    ##  ########  ######   ########  #########  ######  ######
     ##        ##  ##    ##  ##       ##     ## ##     ##       ## ##
     ##       #### ##     ## ######## ########  ##     ##  ######  ########

You're about to initialize a Firebase project in this directory:

  D:\Downloads\Sorting-Visualization-main\Sorting-Visualization-main

[info] 
=== Project Setup
[info] 
[info] First, let's associate this project directory with a Firebase project.
[info] You can create multiple project aliases by running firebase use --add, 
[info] but for now we'll just set up a default project.
[info] 
[debug] [2021-12-28T08:22:12.357Z] >>> [apiv2][query] GET https://firebase.googleapis.com/v1beta1/projects pageSize=100
[debug] [2021-12-28T08:22:18.388Z] <<< [apiv2][status] GET https://firebase.googleapis.com/v1beta1/projects 200
[debug] [2021-12-28T08:22:18.388Z] <<< [apiv2][body] GET https://firebase.googleapis.com/v1beta1/projects [omitted]
[info] i  Using project test-form-e1550 (test-form) 
[info] 
=== Hosting Setup
[info] 
[info] Your public directory is the folder (relative to your project directory) that
[info] will contain Hosting assets to be uploaded with firebase deploy. If you
[info] have a build process for your assets, use your build's output directory.
[info] 
